<?xml version="1.0" encoding="UTF-8"?>
<testng-results ignored="0" total="1" passed="1" failed="0" skipped="0">
  <reporter-output>
  </reporter-output>
  <suite started-at="2021-07-21T15:59:13 IST" name="Default suite" finished-at="2021-07-21T15:59:13 IST" duration-ms="86">
    <groups>
    </groups>
    <test started-at="2021-07-21T15:59:13 IST" name="Default test" finished-at="2021-07-21T15:59:13 IST" duration-ms="86">
      <class name="FirstTest">
        <test-method signature="signup()[pri:0, instance:FirstTest@4313f5bc]" started-at="2021-07-21T15:59:13 IST" name="signup" finished-at="2021-07-21T15:59:13 IST" duration-ms="28" status="PASS">
          <reporter-output>
          </reporter-output>
        </test-method> <!-- signup -->
      </class> <!-- FirstTest -->
    </test> <!-- Default test -->
  </suite> <!-- Default suite -->
</testng-results>
